94.46
95.59
95.90
96.03
96.10
96.16
96.20
96.25
96.31
96.35
96.39
96.42
96.46
96.49
96.52
96.54
96.56
96.58
96.59
96.60
96.62
96.64
96.65
96.67
96.68
96.69
96.70
96.71
96.73
96.74
96.74
96.75
96.77
96.77
96.79
96.80
96.80
96.81
96.82
96.82
96.83
96.84
96.84
96.85
96.85
96.86
96.87
96.87
96.88
96.89
96.89
96.90
96.90
96.91
96.91
96.92
96.92
96.92
96.93
96.94
96.94
96.94
96.95
96.95
96.95
96.96
96.96
96.96
96.97
96.97
96.97
96.98
96.98
96.98
96.99
96.99
96.99
96.99
97.00
97.00
97.00
97.01
97.01
97.01
97.02
97.02
97.02
97.03
97.03
97.03
97.03
97.04
97.04
97.04
97.04
97.04
97.05
97.05
97.05
97.05
97.05
97.06
97.06
97.06
97.06
97.06
97.07
97.07
97.07
97.07
97.08
97.08
97.08
97.08
97.09
97.09
97.09
97.09
97.09
97.09
97.10
97.10
97.10
97.10
97.10
97.11
97.11
97.11
97.11
97.11
97.12
97.12
97.12
97.12
97.12
97.13
97.13
97.13
97.13
97.13
97.13
97.13
97.14
97.14
97.14
97.14
97.14
97.15
97.15
97.15
97.15
97.15
97.15
97.16
97.16
97.16
97.16
97.16
97.16
97.16
97.17
97.17
97.17
97.17
97.17
97.17
97.17
97.17
97.18
97.18
97.18
97.18
97.18
97.18
97.18
97.18
97.18
97.18
97.19
97.19
97.19
97.19
97.19
97.19
97.19
97.20
97.20
97.20
97.20
97.20
97.20
97.20
97.20
97.20
97.20
97.20
97.21
97.21
97.21
97.21
97.21
97.21
97.21
97.21
97.21
97.21
97.21
97.21
97.22
97.22
97.22
97.22
97.22
97.22
97.22
97.22
97.22
97.22
97.23
97.23
97.23
97.23
97.23
97.23
97.23
97.23
97.23
97.23
97.23
97.23
97.24
97.24
97.24
97.24
97.24
97.24
97.24
97.24
97.24
97.24
97.24
97.25
97.25
97.25
97.25
97.25
97.25
97.25
97.25
97.25
97.25
97.25
97.25
97.26
97.26
97.26
97.26
97.26
97.26
97.26
97.26
97.26
97.26
97.26
97.26
97.26
97.26
97.27
97.27
97.27
97.27
97.27
97.27
97.27
97.27
97.27
97.27
97.27
97.27
97.27
97.27
97.28
97.28
97.28
97.28
97.28
97.28
97.28
97.28
97.28
97.28
97.28
97.28
97.28
97.28
97.28
97.28
97.28
97.29
97.29
97.29
97.29
97.29
97.29
97.29
97.29
97.29
97.29
97.29
97.29
97.29
97.29
97.29
97.29
97.29
97.29
97.29
97.29
97.30
97.30
97.30
97.30
97.30
97.30
97.30
97.30
97.30
97.30
97.30
97.30
97.30
97.30
97.30
97.30
97.30
97.30
97.31
97.31
97.31
97.31
97.31
97.31
97.31
97.31
97.31
97.31
97.31
97.31
97.31
97.31
97.31
97.31
97.31
97.31
97.31
97.32
97.32
97.32
97.32
97.32
97.32
97.32
97.32
97.32
97.32
97.32
97.32
97.32
97.32
97.32
97.32
97.32
97.32
97.32
97.32
97.32
97.32
97.32
97.33
